Traceback (most recent call last):
  File "/home/jupyter-marik/.local/lib/python3.10/site-packages/jupyter_cache/executors/utils.py", line 58, in single_nb_execution
    executenb(
  File "/opt/tljh/user/lib/python3.10/site-packages/nbclient/client.py", line 1314, in execute
    return NotebookClient(nb=nb, resources=resources, km=km, **kwargs).execute()
  File "/opt/tljh/user/lib/python3.10/site-packages/jupyter_core/utils/__init__.py", line 172, in wrapped
    return loop.run_until_complete(inner)
  File "/opt/tljh/user/lib/python3.10/asyncio/base_events.py", line 646, in run_until_complete
    return future.result()
  File "/opt/tljh/user/lib/python3.10/site-packages/nbclient/client.py", line 709, in async_execute
    await self.async_execute_cell(
  File "/opt/tljh/user/lib/python3.10/site-packages/nbclient/client.py", line 1062, in async_execute_cell
    await self._check_raise_for_error(cell, cell_index, exec_reply)
  File "/opt/tljh/user/lib/python3.10/site-packages/nbclient/client.py", line 918, in _check_raise_for_error
    raise CellExecutionError.from_cell_and_msg(cell, exec_reply_content)
nbclient.exceptions.CellExecutionError: An error occurred while executing the following cell:
------------------
reprodukcni_hodnoty = (V/V[0,0]).real
reprodukcni_hodnoty
------------------


[0;31m---------------------------------------------------------------------------[0m
[0;31mIndexError[0m                                Traceback (most recent call last)
Cell [0;32mIn[36], line 1[0m
[0;32m----> 1[0m reprodukcni_hodnoty [38;5;241m=[39m (V[38;5;241m/[39m[43mV[49m[43m[[49m[38;5;241;43m0[39;49m[43m,[49m[38;5;241;43m0[39;49m[43m][49m)[38;5;241m.[39mreal
[1;32m      2[0m reprodukcni_hodnoty

[0;31mIndexError[0m: too many indices for array: array is 1-dimensional, but 2 were indexed

