Traceback (most recent call last):
  File "/home/marik/anaconda3/envs/jupyter/lib/python3.10/site-packages/jupyter_cache/executors/utils.py", line 51, in single_nb_execution
    executenb(
  File "/home/marik/anaconda3/envs/jupyter/lib/python3.10/site-packages/nbclient/client.py", line 1204, in execute
    return NotebookClient(nb=nb, resources=resources, km=km, **kwargs).execute()
  File "/home/marik/anaconda3/envs/jupyter/lib/python3.10/site-packages/nbclient/util.py", line 84, in wrapped
    return just_run(coro(*args, **kwargs))
  File "/home/marik/anaconda3/envs/jupyter/lib/python3.10/site-packages/nbclient/util.py", line 62, in just_run
    return loop.run_until_complete(coro)
  File "/home/marik/anaconda3/envs/jupyter/lib/python3.10/asyncio/base_events.py", line 646, in run_until_complete
    return future.result()
  File "/home/marik/anaconda3/envs/jupyter/lib/python3.10/site-packages/nbclient/client.py", line 663, in async_execute
    await self.async_execute_cell(
  File "/home/marik/anaconda3/envs/jupyter/lib/python3.10/site-packages/nbclient/client.py", line 965, in async_execute_cell
    await self._check_raise_for_error(cell, cell_index, exec_reply)
  File "/home/marik/anaconda3/envs/jupyter/lib/python3.10/site-packages/nbclient/client.py", line 862, in _check_raise_for_error
    raise CellExecutionError.from_cell_and_msg(cell, exec_reply_content)
nbclient.exceptions.CellExecutionError: An error occurred while executing the following cell:
------------------
import numpy as np
import matplotlib.pyplot as plt
from cpyment import CModel

populace = ['Dravec','Korist']
model = CModel(populace)

alpha = 3
beta = 1
gamma = 0.3
delta = 1

model.set_coupling_rate('Korist:=>Korist', alpha, 'alpha')
model.set_coupling_rate('Korist*Dravec:Korist=>', beta, 'beta')
model.set_coupling_rate('Korist*Dravec:=>Dravec', gamma, 'gamma')
model.set_coupling_rate('Dravec:Dravec=>', delta, 'delta')


t = np.linspace(0, 10, 1000)
y0 = np.array([2, 10])
trajectory = model.integrate(t, y0)['y']

fig, axs = plt.subplots(2,1,sharex=True)

for i, l in enumerate(populace):
    axs[i].plot(t, trajectory[:,i], label=l, color=f"C{i}")
    axs[i].set(ylabel='Velikost populace',ylim=(0,None))
    axs[i].grid()
axs[1].set_xlabel('Čas')
    
fig.legend();    
------------------

[0;31m---------------------------------------------------------------------------[0m
[0;31mModuleNotFoundError[0m                       Traceback (most recent call last)
Cell [0;32mIn [1], line 3[0m
[1;32m      1[0m [38;5;28;01mimport[39;00m [38;5;21;01mnumpy[39;00m [38;5;28;01mas[39;00m [38;5;21;01mnp[39;00m
[1;32m      2[0m [38;5;28;01mimport[39;00m [38;5;21;01mmatplotlib[39;00m[38;5;21;01m.[39;00m[38;5;21;01mpyplot[39;00m [38;5;28;01mas[39;00m [38;5;21;01mplt[39;00m
[0;32m----> 3[0m [38;5;28;01mfrom[39;00m [38;5;21;01mcpyment[39;00m [38;5;28;01mimport[39;00m CModel
[1;32m      5[0m populace [38;5;241m=[39m [[38;5;124m'[39m[38;5;124mDravec[39m[38;5;124m'[39m,[38;5;124m'[39m[38;5;124mKorist[39m[38;5;124m'[39m]
[1;32m      6[0m model [38;5;241m=[39m CModel(populace)

[0;31mModuleNotFoundError[0m: No module named 'cpyment'
ModuleNotFoundError: No module named 'cpyment'

